app/build/intermediates/manifest_merge_blame_file/debug/processDebugMainManifest/manifest-merger-blame-debug-report.txt
1<?xml version="1.0" encoding="utf-8"?>
2<manifest xmlns:android="http://schemas.android.com/apk/res/android"
3    package="com.nmims.zepto"
4    android:versionCode="1"
5    android:versionName="1.0" >
6
7    <uses-sdk
8        android:minSdkVersion="30"
9        android:targetSdkVersion="35" />
10
11    <uses-feature
11-->src\main\AndroidManifest.xml:4:5-6:36
12        android:name="android.hardware.telephony"
12-->src\main\AndroidManifest.xml:5:9-50
13        android:required="false" />
13-->src\main\AndroidManifest.xml:6:9-33
14
15    <uses-permission android:name="android.permission.INTERNET" />
15-->src\main\AndroidManifest.xml:7:5-67
15-->src\main\AndroidManifest.xml:7:22-64
16    <uses-permission android:name="android.permission.READ_EXTERNAL_STORAGE" />
16-->src\main\AndroidManifest.xml:8:5-80
16-->src\main\AndroidManifest.xml:8:22-77
17    <uses-permission android:name="android.permission.ACCESS_NETWORK_STATE" /> <!-- Used to check if a browser is available before launching phone auth -->
17-->[com.firebaseui:firebase-ui-auth:8.0.2] AndroidManifest.xml:10:5-79
17-->[com.firebaseui:firebase-ui-auth:8.0.2] AndroidManifest.xml:10:22-76
18    <!-- See ui/phone/PhoneNumberVerificationHandler.isBrowserAvailable() -->
19    <queries>
19-->[com.firebaseui:firebase-ui-auth:8.0.2] AndroidManifest.xml:15:5-23:15
20        <intent>
20-->[com.firebaseui:firebase-ui-auth:8.0.2] AndroidManifest.xml:16:9-22:18
21            <action android:name="android.intent.action.VIEW" />
21-->[com.firebaseui:firebase-ui-auth:8.0.2] AndroidManifest.xml:17:13-65
21-->[com.firebaseui:firebase-ui-auth:8.0.2] AndroidManifest.xml:17:21-62
22
23            <category android:name="android.intent.category.BROWSABLE" />
23-->[com.firebaseui:firebase-ui-auth:8.0.2] AndroidManifest.xml:19:13-74
23-->[com.firebaseui:firebase-ui-auth:8.0.2] AndroidManifest.xml:19:23-71
24
25            <data android:scheme="http" />
25-->[com.firebaseui:firebase-ui-auth:8.0.2] AndroidManifest.xml:21:13-43
25-->[com.firebaseui:firebase-ui-auth:8.0.2] AndroidManifest.xml:21:19-40
26        </intent>
27        <!-- Needs to be explicitly declared on Android R+ -->
28        <package android:name="com.google.android.apps.maps" />
28-->[com.google.android.gms:play-services-maps:19.1.0] AndroidManifest.xml:29:7-61
28-->[com.google.android.gms:play-services-maps:19.1.0] AndroidManifest.xml:29:16-59
29    </queries>
30
31    <uses-feature
31-->[com.google.android.gms:play-services-maps:19.1.0] AndroidManifest.xml:22:5-24:33
32        android:glEsVersion="0x00020000"
32-->[com.google.android.gms:play-services-maps:19.1.0] AndroidManifest.xml:23:8-40
33        android:required="true" /> <!-- Optional permission for Analytics to run. -->
33-->[com.google.android.gms:play-services-maps:19.1.0] AndroidManifest.xml:24:8-31
34    <uses-permission android:name="android.permission.WAKE_LOCK" />
34-->[com.google.android.gms:play-services-analytics-impl:18.2.0] AndroidManifest.xml:27:5-68
34-->[com.google.android.gms:play-services-analytics-impl:18.2.0] AndroidManifest.xml:27:22-65
35    <uses-permission android:name="com.nmims.zepto.DYNAMIC_RECEIVER_NOT_EXPORTED_PERMISSION" />
35-->[com.google.android.gms:play-services-analytics-impl:18.2.0] AndroidManifest.xml:28:5-97
35-->[com.google.android.gms:play-services-analytics-impl:18.2.0] AndroidManifest.xml:28:22-94
36    <uses-permission android:name="com.google.android.finsky.permission.BIND_GET_INSTALL_REFERRER_SERVICE" />
36-->[com.google.android.gms:play-services-measurement:22.2.0] AndroidManifest.xml:26:5-110
36-->[com.google.android.gms:play-services-measurement:22.2.0] AndroidManifest.xml:26:22-107
37    <uses-permission android:name="com.google.android.gms.permission.AD_ID" />
37-->[com.google.android.gms:play-services-measurement-impl:22.2.0] AndroidManifest.xml:27:5-79
37-->[com.google.android.gms:play-services-measurement-impl:22.2.0] AndroidManifest.xml:27:22-76
38    <uses-permission android:name="com.google.android.providers.gsf.permission.READ_GSERVICES" />
38-->[com.google.android.recaptcha:recaptcha:18.6.1] AndroidManifest.xml:9:5-98
38-->[com.google.android.recaptcha:recaptcha:18.6.1] AndroidManifest.xml:9:22-95
39    <uses-permission android:name="android.permission.ACCESS_ADSERVICES_ATTRIBUTION" />
39-->[com.google.android.gms:play-services-measurement-api:22.2.0] AndroidManifest.xml:26:5-88
39-->[com.google.android.gms:play-services-measurement-api:22.2.0] AndroidManifest.xml:26:22-85
40    <uses-permission android:name="android.permission.ACCESS_ADSERVICES_AD_ID" />
40-->[com.google.android.gms:play-services-measurement-api:22.2.0] AndroidManifest.xml:27:5-82
40-->[com.google.android.gms:play-services-measurement-api:22.2.0] AndroidManifest.xml:27:22-79
41    <uses-permission android:name="android.permission.RECEIVE_BOOT_COMPLETED" />
41-->[androidx.work:work-runtime:2.7.1] AndroidManifest.xml:27:5-81
41-->[androidx.work:work-runtime:2.7.1] AndroidManifest.xml:27:22-78
42    <uses-permission android:name="android.permission.FOREGROUND_SERVICE" />
42-->[androidx.work:work-runtime:2.7.1] AndroidManifest.xml:28:5-77
42-->[androidx.work:work-runtime:2.7.1] AndroidManifest.xml:28:22-74
43
44    <permission
44-->[androidx.core:core:1.13.0] AndroidManifest.xml:22:5-24:47
45        android:name="com.nmims.zepto.DYNAMIC_RECEIVER_NOT_EXPORTED_PERMISSION"
45-->[androidx.core:core:1.13.0] AndroidManifest.xml:23:9-81
46        android:protectionLevel="signature" />
46-->[androidx.core:core:1.13.0] AndroidManifest.xml:24:9-44
47
48    <supports-screens
48-->[org.osmdroid:osmdroid-android:6.1.13] AndroidManifest.xml:9:5-12:40
49        android:anyDensity="true"
49-->[org.osmdroid:osmdroid-android:6.1.13] AndroidManifest.xml:10:9-34
50        android:largeScreens="true"
50-->[org.osmdroid:osmdroid-android:6.1.13] AndroidManifest.xml:11:9-36
51        android:normalScreens="true" />
51-->[org.osmdroid:osmdroid-android:6.1.13] AndroidManifest.xml:12:9-37
52
53    <uses-feature
53-->[org.osmdroid:osmdroid-android:6.1.13] AndroidManifest.xml:14:5-16:36
54        android:name="android.hardware.location.network"
54-->[org.osmdroid:osmdroid-android:6.1.13] AndroidManifest.xml:15:9-57
55        android:required="false" />
55-->[org.osmdroid:osmdroid-android:6.1.13] AndroidManifest.xml:16:9-33
56    <uses-feature
56-->[org.osmdroid:osmdroid-android:6.1.13] AndroidManifest.xml:17:5-19:36
57        android:name="android.hardware.location.gps"
57-->[org.osmdroid:osmdroid-android:6.1.13] AndroidManifest.xml:18:9-53
58        android:required="false" />
58-->[org.osmdroid:osmdroid-android:6.1.13] AndroidManifest.xml:19:9-33
59    <uses-feature
59-->[org.osmdroid:osmdroid-android:6.1.13] AndroidManifest.xml:23:5-25:36
60        android:name="android.hardware.wifi"
60-->[org.osmdroid:osmdroid-android:6.1.13] AndroidManifest.xml:24:9-45
61        android:required="false" />
61-->[org.osmdroid:osmdroid-android:6.1.13] AndroidManifest.xml:25:9-33
62
63    <application
63-->src\main\AndroidManifest.xml:9:5-36:15
64        android:name="com.nmims.zepto.ZeptoApp"
64-->src\main\AndroidManifest.xml:10:9-33
65        android:allowBackup="true"
65-->src\main\AndroidManifest.xml:11:5-31
66        android:appComponentFactory="androidx.core.app.CoreComponentFactory"
66-->[androidx.core:core:1.13.0] AndroidManifest.xml:28:18-86
67        android:dataExtractionRules="@xml/data_extraction_rules"
67-->src\main\AndroidManifest.xml:12:5-61
68        android:debuggable="true"
69        android:extractNativeLibs="false"
70        android:fullBackupContent="@xml/backup_config"
70-->[com.cloudinary:cloudinary-android-core:2.3.0] AndroidManifest.xml:11:18-64
71        android:icon="@drawable/logo"
71-->src\main\AndroidManifest.xml:13:5-34
72        android:label="@string/app_name"
72-->src\main\AndroidManifest.xml:14:5-37
73        android:roundIcon="@drawable/logo"
73-->src\main\AndroidManifest.xml:15:5-39
74        android:supportsRtl="true"
74-->src\main\AndroidManifest.xml:16:5-31
75        android:testOnly="true"
76        android:theme="@style/Theme.Zepto" >
76-->src\main\AndroidManifest.xml:17:5-39
77        <activity
77-->src\main\AndroidManifest.xml:19:5-24:16
78            android:name="com.nmims.zepto.MainActivity"
78-->src\main\AndroidManifest.xml:19:15-43
79            android:exported="true" >
79-->src\main\AndroidManifest.xml:19:44-67
80            <intent-filter>
80-->src\main\AndroidManifest.xml:20:9-23:25
81                <action android:name="android.intent.action.MAIN" />
81-->src\main\AndroidManifest.xml:21:13-65
81-->src\main\AndroidManifest.xml:21:21-62
82
83                <category android:name="android.intent.category.LAUNCHER" />
83-->src\main\AndroidManifest.xml:22:13-73
83-->src\main\AndroidManifest.xml:22:23-70
84            </intent-filter>
85        </activity>
86        <activity
86-->src\main\AndroidManifest.xml:25:5-78
87            android:name="com.nmims.zepto.EditProfileActivity"
87-->src\main\AndroidManifest.xml:25:15-50
88            android:exported="false" />
88-->src\main\AndroidManifest.xml:25:51-75
89        <activity
89-->src\main\AndroidManifest.xml:26:5-75
90            android:name="com.nmims.zepto.RegisterActivity"
90-->src\main\AndroidManifest.xml:26:15-47
91            android:exported="false" />
91-->src\main\AndroidManifest.xml:26:48-72
92        <activity
92-->src\main\AndroidManifest.xml:27:5-75
93            android:name="com.nmims.zepto.HomePageActivity"
93-->src\main\AndroidManifest.xml:27:15-47
94            android:exported="false" />
94-->src\main\AndroidManifest.xml:27:48-72
95        <activity
95-->src\main\AndroidManifest.xml:28:5-74
96            android:name="com.nmims.zepto.ProfileActivity"
96-->src\main\AndroidManifest.xml:28:15-46
97            android:exported="false" />
97-->src\main\AndroidManifest.xml:28:47-71
98        <activity
98-->src\main\AndroidManifest.xml:29:5-71
99            android:name="com.nmims.zepto.CartActivity"
99-->src\main\AndroidManifest.xml:29:15-43
100            android:exported="false" />
100-->src\main\AndroidManifest.xml:29:44-68
101        <activity
101-->src\main\AndroidManifest.xml:30:5-75
102            android:name="com.nmims.zepto.GiftCardActivity"
102-->src\main\AndroidManifest.xml:30:15-47
103            android:exported="false" />
103-->src\main\AndroidManifest.xml:30:48-72
104        <activity
104-->src\main\AndroidManifest.xml:31:5-33:35
105            android:name="com.nmims.zepto.SupportActivity"
105-->src\main\AndroidManifest.xml:31:15-46
106            android:exported="true"
106-->src\main\AndroidManifest.xml:33:9-32
107            android:label="Customer Support" />
107-->src\main\AndroidManifest.xml:32:9-41
108        <activity
108-->src\main\AndroidManifest.xml:34:5-71
109            android:name="com.nmims.zepto.OrderActivity"
109-->src\main\AndroidManifest.xml:34:15-44
110            android:exported="false" />
110-->src\main\AndroidManifest.xml:34:45-69
111        <activity
111-->src\main\AndroidManifest.xml:35:5-78
112            android:name="com.nmims.zepto.RecentOrdersActivity"
112-->src\main\AndroidManifest.xml:35:15-51
113            android:exported="false" />
113-->src\main\AndroidManifest.xml:35:52-76
114
115        <meta-data
115-->[com.firebaseui:firebase-ui-auth:8.0.2] AndroidManifest.xml:26:9-28:69
116            android:name="com.google.android.gms.version"
116-->[com.firebaseui:firebase-ui-auth:8.0.2] AndroidManifest.xml:27:13-58
117            android:value="@integer/google_play_services_version" />
117-->[com.firebaseui:firebase-ui-auth:8.0.2] AndroidManifest.xml:28:13-66
118        <meta-data
118-->[com.firebaseui:firebase-ui-auth:8.0.2] AndroidManifest.xml:29:9-31:63
119            android:name="com.facebook.sdk.ApplicationId"
119-->[com.firebaseui:firebase-ui-auth:8.0.2] AndroidManifest.xml:30:13-58
120            android:value="@string/facebook_application_id" />
120-->[com.firebaseui:firebase-ui-auth:8.0.2] AndroidManifest.xml:31:13-60
121
122        <activity
122-->[com.firebaseui:firebase-ui-auth:8.0.2] AndroidManifest.xml:33:9-37:61
123            android:name="com.firebase.ui.auth.KickoffActivity"
123-->[com.firebaseui:firebase-ui-auth:8.0.2] AndroidManifest.xml:34:13-64
124            android:exported="false"
124-->[com.firebaseui:firebase-ui-auth:8.0.2] AndroidManifest.xml:35:13-37
125            android:label=""
125-->[com.firebaseui:firebase-ui-auth:8.0.2] AndroidManifest.xml:36:13-29
126            android:theme="@style/FirebaseUI.Transparent" />
126-->[com.firebaseui:firebase-ui-auth:8.0.2] AndroidManifest.xml:37:13-58
127        <activity
127-->[com.firebaseui:firebase-ui-auth:8.0.2] AndroidManifest.xml:38:9-42:61
128            android:name="com.firebase.ui.auth.ui.idp.SingleSignInActivity"
128-->[com.firebaseui:firebase-ui-auth:8.0.2] AndroidManifest.xml:39:13-76
129            android:exported="false"
129-->[com.firebaseui:firebase-ui-auth:8.0.2] AndroidManifest.xml:40:13-37
130            android:label=""
130-->[com.firebaseui:firebase-ui-auth:8.0.2] AndroidManifest.xml:41:13-29
131            android:theme="@style/FirebaseUI.Transparent" />
131-->[com.firebaseui:firebase-ui-auth:8.0.2] AndroidManifest.xml:42:13-58
132        <activity
132-->[com.firebaseui:firebase-ui-auth:8.0.2] AndroidManifest.xml:43:9-47:61
133            android:name="com.firebase.ui.auth.ui.credentials.CredentialSaveActivity"
133-->[com.firebaseui:firebase-ui-auth:8.0.2] AndroidManifest.xml:44:13-86
134            android:exported="false"
134-->[com.firebaseui:firebase-ui-auth:8.0.2] AndroidManifest.xml:45:13-37
135            android:label=""
135-->[com.firebaseui:firebase-ui-auth:8.0.2] AndroidManifest.xml:46:13-29
136            android:theme="@style/FirebaseUI.Transparent" />
136-->[com.firebaseui:firebase-ui-auth:8.0.2] AndroidManifest.xml:47:13-58
137        <activity
137-->[com.firebaseui:firebase-ui-auth:8.0.2] AndroidManifest.xml:48:9-52:58
138            android:name="com.firebase.ui.auth.ui.email.RecoverPasswordActivity"
138-->[com.firebaseui:firebase-ui-auth:8.0.2] AndroidManifest.xml:49:13-81
139            android:exported="false"
139-->[com.firebaseui:firebase-ui-auth:8.0.2] AndroidManifest.xml:50:13-37
140            android:label="@string/fui_title_recover_password_activity"
140-->[com.firebaseui:firebase-ui-auth:8.0.2] AndroidManifest.xml:51:13-72
141            android:windowSoftInputMode="adjustResize" />
141-->[com.firebaseui:firebase-ui-auth:8.0.2] AndroidManifest.xml:52:13-55
142        <activity
142-->[com.firebaseui:firebase-ui-auth:8.0.2] AndroidManifest.xml:53:9-57:58
143            android:name="com.firebase.ui.auth.ui.email.EmailActivity"
143-->[com.firebaseui:firebase-ui-auth:8.0.2] AndroidManifest.xml:54:13-71
144            android:exported="false"
144-->[com.firebaseui:firebase-ui-auth:8.0.2] AndroidManifest.xml:55:13-37
145            android:label="@string/fui_sign_in_default"
145-->[com.firebaseui:firebase-ui-auth:8.0.2] AndroidManifest.xml:56:13-56
146            android:windowSoftInputMode="adjustResize" />
146-->[com.firebaseui:firebase-ui-auth:8.0.2] AndroidManifest.xml:57:13-55
147        <activity
147-->[com.firebaseui:firebase-ui-auth:8.0.2] AndroidManifest.xml:58:9-62:77
148            android:name="com.firebase.ui.auth.ui.phone.PhoneActivity"
148-->[com.firebaseui:firebase-ui-auth:8.0.2] AndroidManifest.xml:59:13-71
149            android:exported="false"
149-->[com.firebaseui:firebase-ui-auth:8.0.2] AndroidManifest.xml:60:13-37
150            android:label="@string/fui_sign_in_with_phone_number"
150-->[com.firebaseui:firebase-ui-auth:8.0.2] AndroidManifest.xml:61:13-66
151            android:windowSoftInputMode="adjustResize|stateAlwaysVisible" />
151-->[com.firebaseui:firebase-ui-auth:8.0.2] AndroidManifest.xml:62:13-74
152        <activity
152-->[com.firebaseui:firebase-ui-auth:8.0.2] AndroidManifest.xml:63:9-67:58
153            android:name="com.firebase.ui.auth.ui.idp.WelcomeBackIdpPrompt"
153-->[com.firebaseui:firebase-ui-auth:8.0.2] AndroidManifest.xml:64:13-76
154            android:exported="false"
154-->[com.firebaseui:firebase-ui-auth:8.0.2] AndroidManifest.xml:65:13-37
155            android:label="@string/fui_title_welcome_back_idp_prompt"
155-->[com.firebaseui:firebase-ui-auth:8.0.2] AndroidManifest.xml:66:13-70
156            android:windowSoftInputMode="adjustResize" />
156-->[com.firebaseui:firebase-ui-auth:8.0.2] AndroidManifest.xml:67:13-55
157        <activity
157-->[com.firebaseui:firebase-ui-auth:8.0.2] AndroidManifest.xml:68:9-72:58
158            android:name="com.firebase.ui.auth.ui.email.WelcomeBackPasswordPrompt"
158-->[com.firebaseui:firebase-ui-auth:8.0.2] AndroidManifest.xml:69:13-83
159            android:exported="false"
159-->[com.firebaseui:firebase-ui-auth:8.0.2] AndroidManifest.xml:70:13-37
160            android:label="@string/fui_title_welcome_back_password_prompt"
160-->[com.firebaseui:firebase-ui-auth:8.0.2] AndroidManifest.xml:71:13-75
161            android:windowSoftInputMode="adjustResize" />
161-->[com.firebaseui:firebase-ui-auth:8.0.2] AndroidManifest.xml:72:13-55
162        <activity
162-->[com.firebaseui:firebase-ui-auth:8.0.2] AndroidManifest.xml:73:9-77:58
163            android:name="com.firebase.ui.auth.ui.email.WelcomeBackEmailLinkPrompt"
163-->[com.firebaseui:firebase-ui-auth:8.0.2] AndroidManifest.xml:74:13-84
164            android:exported="false"
164-->[com.firebaseui:firebase-ui-auth:8.0.2] AndroidManifest.xml:75:13-37
165            android:label="@string/fui_title_welcome_back_password_prompt"
165-->[com.firebaseui:firebase-ui-auth:8.0.2] AndroidManifest.xml:76:13-75
166            android:windowSoftInputMode="adjustResize" />
166-->[com.firebaseui:firebase-ui-auth:8.0.2] AndroidManifest.xml:77:13-55
167        <activity
167-->[com.firebaseui:firebase-ui-auth:8.0.2] AndroidManifest.xml:78:9-83:58
168            android:name="com.firebase.ui.auth.ui.email.EmailLinkCatcherActivity"
168-->[com.firebaseui:firebase-ui-auth:8.0.2] AndroidManifest.xml:79:13-82
169            android:exported="false"
169-->[com.firebaseui:firebase-ui-auth:8.0.2] AndroidManifest.xml:80:13-37
170            android:label=""
170-->[com.firebaseui:firebase-ui-auth:8.0.2] AndroidManifest.xml:81:13-29
171            android:theme="@style/FirebaseUI.Transparent"
171-->[com.firebaseui:firebase-ui-auth:8.0.2] AndroidManifest.xml:82:13-58
172            android:windowSoftInputMode="adjustResize" />
172-->[com.firebaseui:firebase-ui-auth:8.0.2] AndroidManifest.xml:83:13-55
173        <activity
173-->[com.firebaseui:firebase-ui-auth:8.0.2] AndroidManifest.xml:84:9-88:58
174            android:name="com.firebase.ui.auth.ui.email.EmailLinkErrorRecoveryActivity"
174-->[com.firebaseui:firebase-ui-auth:8.0.2] AndroidManifest.xml:85:13-88
175            android:exported="false"
175-->[com.firebaseui:firebase-ui-auth:8.0.2] AndroidManifest.xml:86:13-37
176            android:label="@string/fui_sign_in_default"
176-->[com.firebaseui:firebase-ui-auth:8.0.2] AndroidManifest.xml:87:13-56
177            android:windowSoftInputMode="adjustResize" />
177-->[com.firebaseui:firebase-ui-auth:8.0.2] AndroidManifest.xml:88:13-55
178        <activity
178-->[com.firebaseui:firebase-ui-auth:8.0.2] AndroidManifest.xml:89:9-92:65
179            android:name="com.firebase.ui.auth.ui.idp.AuthMethodPickerActivity"
179-->[com.firebaseui:firebase-ui-auth:8.0.2] AndroidManifest.xml:90:13-80
180            android:exported="false"
180-->[com.firebaseui:firebase-ui-auth:8.0.2] AndroidManifest.xml:91:13-37
181            android:label="@string/fui_default_toolbar_title" />
181-->[com.firebaseui:firebase-ui-auth:8.0.2] AndroidManifest.xml:92:13-62
182        <activity
182-->[com.firebaseui:firebase-ui-auth:8.0.2] AndroidManifest.xml:93:9-97:48
183            android:name="com.facebook.FacebookActivity"
183-->[com.firebaseui:firebase-ui-auth:8.0.2] AndroidManifest.xml:94:13-57
184            android:configChanges="keyboard|keyboardHidden|screenLayout|screenSize|orientation"
184-->[com.firebaseui:firebase-ui-auth:8.0.2] AndroidManifest.xml:95:13-96
185            android:label="@string/app_name" />
185-->[com.firebaseui:firebase-ui-auth:8.0.2] AndroidManifest.xml:96:13-45
186        <activity
186-->[com.firebaseui:firebase-ui-auth:8.0.2] AndroidManifest.xml:98:9-110:20
187            android:name="com.facebook.CustomTabActivity"
187-->[com.firebaseui:firebase-ui-auth:8.0.2] AndroidManifest.xml:99:13-58
188            android:exported="true" >
188-->[com.firebaseui:firebase-ui-auth:8.0.2] AndroidManifest.xml:100:13-36
189            <intent-filter>
189-->[com.firebaseui:firebase-ui-auth:8.0.2] AndroidManifest.xml:102:13-109:29
190                <action android:name="android.intent.action.VIEW" />
190-->[com.firebaseui:firebase-ui-auth:8.0.2] AndroidManifest.xml:17:13-65
190-->[com.firebaseui:firebase-ui-auth:8.0.2] AndroidManifest.xml:17:21-62
191
192                <category android:name="android.intent.category.DEFAULT" />
192-->[com.firebaseui:firebase-ui-auth:8.0.2] AndroidManifest.xml:105:17-76
192-->[com.firebaseui:firebase-ui-auth:8.0.2] AndroidManifest.xml:105:27-73
193                <category android:name="android.intent.category.BROWSABLE" />
193-->[com.firebaseui:firebase-ui-auth:8.0.2] AndroidManifest.xml:19:13-74
193-->[com.firebaseui:firebase-ui-auth:8.0.2] AndroidManifest.xml:19:23-71
194
195                <data android:scheme="@string/facebook_login_protocol_scheme" />
195-->[com.firebaseui:firebase-ui-auth:8.0.2] AndroidManifest.xml:21:13-43
195-->[com.firebaseui:firebase-ui-auth:8.0.2] AndroidManifest.xml:21:19-40
196            </intent-filter>
197        </activity>
198
199        <provider
199-->[com.firebaseui:firebase-ui-auth:8.0.2] AndroidManifest.xml:112:9-116:38
200            android:name="com.firebase.ui.auth.data.client.AuthUiInitProvider"
200-->[com.firebaseui:firebase-ui-auth:8.0.2] AndroidManifest.xml:113:13-79
201            android:authorities="com.nmims.zepto.authuiinitprovider"
201-->[com.firebaseui:firebase-ui-auth:8.0.2] AndroidManifest.xml:114:13-70
202            android:exported="false"
202-->[com.firebaseui:firebase-ui-auth:8.0.2] AndroidManifest.xml:115:13-37
203            android:initOrder="90" />
203-->[com.firebaseui:firebase-ui-auth:8.0.2] AndroidManifest.xml:116:13-35
204
205        <activity
205-->[com.google.firebase:firebase-auth:23.2.0] AndroidManifest.xml:29:9-46:20
206            android:name="com.google.firebase.auth.internal.GenericIdpActivity"
206-->[com.google.firebase:firebase-auth:23.2.0] AndroidManifest.xml:30:13-80
207            android:excludeFromRecents="true"
207-->[com.google.firebase:firebase-auth:23.2.0] AndroidManifest.xml:31:13-46
208            android:exported="true"
208-->[com.google.firebase:firebase-auth:23.2.0] AndroidManifest.xml:32:13-36
209            android:launchMode="singleTask"
209-->[com.google.firebase:firebase-auth:23.2.0] AndroidManifest.xml:33:13-44
210            android:theme="@android:style/Theme.Translucent.NoTitleBar" >
210-->[com.google.firebase:firebase-auth:23.2.0] AndroidManifest.xml:34:13-72
211            <intent-filter>
211-->[com.google.firebase:firebase-auth:23.2.0] AndroidManifest.xml:35:13-45:29
212                <action android:name="android.intent.action.VIEW" />
212-->[com.firebaseui:firebase-ui-auth:8.0.2] AndroidManifest.xml:17:13-65
212-->[com.firebaseui:firebase-ui-auth:8.0.2] AndroidManifest.xml:17:21-62
213
214                <category android:name="android.intent.category.DEFAULT" />
214-->[com.firebaseui:firebase-ui-auth:8.0.2] AndroidManifest.xml:105:17-76
214-->[com.firebaseui:firebase-ui-auth:8.0.2] AndroidManifest.xml:105:27-73
215                <category android:name="android.intent.category.BROWSABLE" />
215-->[com.firebaseui:firebase-ui-auth:8.0.2] AndroidManifest.xml:19:13-74
215-->[com.firebaseui:firebase-ui-auth:8.0.2] AndroidManifest.xml:19:23-71
216
217                <data
217-->[com.firebaseui:firebase-ui-auth:8.0.2] AndroidManifest.xml:21:13-43
218                    android:host="firebase.auth"
219                    android:path="/"
220                    android:scheme="genericidp" />
220-->[com.firebaseui:firebase-ui-auth:8.0.2] AndroidManifest.xml:21:19-40
221            </intent-filter>
222        </activity>
223        <activity
223-->[com.google.firebase:firebase-auth:23.2.0] AndroidManifest.xml:47:9-64:20
224            android:name="com.google.firebase.auth.internal.RecaptchaActivity"
224-->[com.google.firebase:firebase-auth:23.2.0] AndroidManifest.xml:48:13-79
225            android:excludeFromRecents="true"
225-->[com.google.firebase:firebase-auth:23.2.0] AndroidManifest.xml:49:13-46
226            android:exported="true"
226-->[com.google.firebase:firebase-auth:23.2.0] AndroidManifest.xml:50:13-36
227            android:launchMode="singleTask"
227-->[com.google.firebase:firebase-auth:23.2.0] AndroidManifest.xml:51:13-44
228            android:theme="@android:style/Theme.Translucent.NoTitleBar" >
228-->[com.google.firebase:firebase-auth:23.2.0] AndroidManifest.xml:52:13-72
229            <intent-filter>
229-->[com.google.firebase:firebase-auth:23.2.0] AndroidManifest.xml:53:13-63:29
230                <action android:name="android.intent.action.VIEW" />
230-->[com.firebaseui:firebase-ui-auth:8.0.2] AndroidManifest.xml:17:13-65
230-->[com.firebaseui:firebase-ui-auth:8.0.2] AndroidManifest.xml:17:21-62
231
232                <category android:name="android.intent.category.DEFAULT" />
232-->[com.firebaseui:firebase-ui-auth:8.0.2] AndroidManifest.xml:105:17-76
232-->[com.firebaseui:firebase-ui-auth:8.0.2] AndroidManifest.xml:105:27-73
233                <category android:name="android.intent.category.BROWSABLE" />
233-->[com.firebaseui:firebase-ui-auth:8.0.2] AndroidManifest.xml:19:13-74
233-->[com.firebaseui:firebase-ui-auth:8.0.2] AndroidManifest.xml:19:23-71
234
235                <data
235-->[com.firebaseui:firebase-ui-auth:8.0.2] AndroidManifest.xml:21:13-43
236                    android:host="firebase.auth"
237                    android:path="/"
238                    android:scheme="recaptcha" />
238-->[com.firebaseui:firebase-ui-auth:8.0.2] AndroidManifest.xml:21:19-40
239            </intent-filter>
240        </activity>
241
242        <service
242-->[com.google.firebase:firebase-auth:23.2.0] AndroidManifest.xml:66:9-72:19
243            android:name="com.google.firebase.components.ComponentDiscoveryService"
243-->[com.google.firebase:firebase-auth:23.2.0] AndroidManifest.xml:67:13-84
244            android:directBootAware="true"
244-->[com.google.firebase:firebase-common:21.0.0] AndroidManifest.xml:32:13-43
245            android:exported="false" >
245-->[com.google.firebase:firebase-auth:23.2.0] AndroidManifest.xml:68:13-37
246            <meta-data
246-->[com.google.firebase:firebase-auth:23.2.0] AndroidManifest.xml:69:13-71:85
247                android:name="com.google.firebase.components:com.google.firebase.auth.FirebaseAuthRegistrar"
247-->[com.google.firebase:firebase-auth:23.2.0] AndroidManifest.xml:70:17-109
248                android:value="com.google.firebase.components.ComponentRegistrar" />
248-->[com.google.firebase:firebase-auth:23.2.0] AndroidManifest.xml:71:17-82
249            <meta-data
249-->[com.google.firebase:firebase-database:21.0.0] AndroidManifest.xml:29:13-31:85
250                android:name="com.google.firebase.components:com.google.firebase.database.FirebaseDatabaseKtxRegistrar"
250-->[com.google.firebase:firebase-database:21.0.0] AndroidManifest.xml:30:17-120
251                android:value="com.google.firebase.components.ComponentRegistrar" />
251-->[com.google.firebase:firebase-database:21.0.0] AndroidManifest.xml:31:17-82
252            <meta-data
252-->[com.google.firebase:firebase-database:21.0.0] AndroidManifest.xml:32:13-34:85
253                android:name="com.google.firebase.components:com.google.firebase.database.DatabaseRegistrar"
253-->[com.google.firebase:firebase-database:21.0.0] AndroidManifest.xml:33:17-109
254                android:value="com.google.firebase.components.ComponentRegistrar" />
254-->[com.google.firebase:firebase-database:21.0.0] AndroidManifest.xml:34:17-82
255            <meta-data
255-->[com.google.firebase:firebase-firestore:25.1.2] AndroidManifest.xml:17:13-19:85
256                android:name="com.google.firebase.components:com.google.firebase.firestore.FirebaseFirestoreKtxRegistrar"
256-->[com.google.firebase:firebase-firestore:25.1.2] AndroidManifest.xml:18:17-122
257                android:value="com.google.firebase.components.ComponentRegistrar" />
257-->[com.google.firebase:firebase-firestore:25.1.2] AndroidManifest.xml:19:17-82
258            <meta-data
258-->[com.google.firebase:firebase-firestore:25.1.2] AndroidManifest.xml:20:13-22:85
259                android:name="com.google.firebase.components:com.google.firebase.firestore.FirestoreRegistrar"
259-->[com.google.firebase:firebase-firestore:25.1.2] AndroidManifest.xml:21:17-111
260                android:value="com.google.firebase.components.ComponentRegistrar" />
260-->[com.google.firebase:firebase-firestore:25.1.2] AndroidManifest.xml:22:17-82
261            <meta-data
261-->[com.google.firebase:firebase-storage:21.0.1] AndroidManifest.xml:30:13-32:85
262                android:name="com.google.firebase.components:com.google.firebase.storage.FirebaseStorageKtxRegistrar"
262-->[com.google.firebase:firebase-storage:21.0.1] AndroidManifest.xml:31:17-118
263                android:value="com.google.firebase.components.ComponentRegistrar" />
263-->[com.google.firebase:firebase-storage:21.0.1] AndroidManifest.xml:32:17-82
264            <meta-data
264-->[com.google.firebase:firebase-storage:21.0.1] AndroidManifest.xml:33:13-35:85
265                android:name="com.google.firebase.components:com.google.firebase.storage.StorageRegistrar"
265-->[com.google.firebase:firebase-storage:21.0.1] AndroidManifest.xml:34:17-107
266                android:value="com.google.firebase.components.ComponentRegistrar" />